<?xml version="1.0" encoding="UTF-8"?>
<testsuite name="org.example.component.DollarCalculatorTest" tests="1" skipped="0" failures="0" errors="0" timestamp="2022-12-01T15:31:42" hostname="jySeoui-MacBookPro.local" time="0.034">
  <properties/>
  <testcase name="dollarCalculatorTest()" classname="org.example.component.DollarCalculatorTest" time="0.034"/>
  <system-out><![CDATA[2022-12-02 00:31:41.589  INFO 55634 --- [    Test worker] .b.t.c.SpringBootTestContextBootstrapper : Neither @ContextConfiguration nor @ContextHierarchy found for test class [org.example.component.DollarCalculatorTest], using SpringBootContextLoader
2022-12-02 00:31:41.590  INFO 55634 --- [    Test worker] o.s.t.c.support.AbstractContextLoader    : Could not detect default resource locations for test class [org.example.component.DollarCalculatorTest]: no resource found for suffixes {-context.xml, Context.groovy}.
2022-12-02 00:31:41.590  INFO 55634 --- [    Test worker] t.c.s.AnnotationConfigContextLoaderUtils : Could not detect default configuration classes for test class [org.example.component.DollarCalculatorTest]: DollarCalculatorTest does not declare any static, non-private, non-final, nested classes annotated with @Configuration.
2022-12-02 00:31:41.598  INFO 55634 --- [    Test worker] .b.t.c.SpringBootTestContextBootstrapper : Found @SpringBootConfiguration org.example.Main for test class org.example.component.DollarCalculatorTest
2022-12-02 00:31:41.599  INFO 55634 --- [    Test worker] .b.t.c.SpringBootTestContextBootstrapper : Loaded default TestExecutionListener class names from location [META-INF/spring.factories]: [org.springframework.boot.test.autoconfigure.restdocs.RestDocsTestExecutionListener, org.springframework.boot.test.autoconfigure.web.client.MockRestServiceServerResetTestExecutionListener, org.springframework.boot.test.autoconfigure.web.servlet.MockMvcPrintOnlyOnFailureTestExecutionListener, org.springframework.boot.test.autoconfigure.web.servlet.WebDriverTestExecutionListener, org.springframework.boot.test.autoconfigure.webservices.client.MockWebServiceServerTestExecutionListener, org.springframework.boot.test.mock.mockito.MockitoTestExecutionListener, org.springframework.boot.test.mock.mockito.ResetMocksTestExecutionListener, org.springframework.test.context.web.ServletTestExecutionListener, org.springframework.test.context.support.DirtiesContextBeforeModesTestExecutionListener, org.springframework.test.context.event.ApplicationEventsTestExecutionListener, org.springframework.test.context.support.DependencyInjectionTestExecutionListener, org.springframework.test.context.support.DirtiesContextTestExecutionListener, org.springframework.test.context.transaction.TransactionalTestExecutionListener, org.springframework.test.context.jdbc.SqlScriptsTestExecutionListener, org.springframework.test.context.event.EventPublishingTestExecutionListener]
2022-12-02 00:31:41.600  INFO 55634 --- [    Test worker] .b.t.c.SpringBootTestContextBootstrapper : Using TestExecutionListeners: [org.springframework.test.context.web.ServletTestExecutionListener@3c07d704, org.springframework.test.context.support.DirtiesContextBeforeModesTestExecutionListener@75c5e113, org.springframework.test.context.event.ApplicationEventsTestExecutionListener@3d07f8f8, org.springframework.boot.test.mock.mockito.MockitoTestExecutionListener@ae4159d, org.springframework.boot.test.autoconfigure.SpringBootDependencyInjectionTestExecutionListener@8595c32, org.springframework.test.context.support.DirtiesContextTestExecutionListener@524ee953, org.springframework.test.context.event.EventPublishingTestExecutionListener@500c0bda, org.springframework.boot.test.autoconfigure.restdocs.RestDocsTestExecutionListener@7a6eb4bb, org.springframework.boot.test.autoconfigure.web.client.MockRestServiceServerResetTestExecutionListener@3814cf08, org.springframework.boot.test.autoconfigure.web.servlet.MockMvcPrintOnlyOnFailureTestExecutionListener@1db5ad28, org.springframework.boot.test.autoconfigure.web.servlet.WebDriverTestExecutionListener@2dd7279f, org.springframework.boot.test.autoconfigure.webservices.client.MockWebServiceServerTestExecutionListener@221385f2, org.springframework.boot.test.mock.mockito.ResetMocksTestExecutionListener@3c616237]

  .   ____          _            __ _ _
 /\\ / ___'_ __ _ _(_)_ __  __ _ \ \ \ \
( ( )\___ | '_ | '_| | '_ \/ _` | \ \ \ \
 \\/  ___)| |_)| | | | | || (_| |  ) ) ) )
  '  |____| .__|_| |_|_| |_\__, | / / / /
 =========|_|==============|___/=/_/_/_/
 :: Spring Boot ::                (v2.7.5)

2022-12-02 00:31:41.618  INFO 55634 --- [    Test worker] o.e.component.DollarCalculatorTest       : Starting DollarCalculatorTest using Java 11.0.11 on jySeoui-MacBookPro.local with PID 55634 (started by jyseo in /Users/jyseo/tasks/prac/java-tutorial/object-mapper)
2022-12-02 00:31:41.618  INFO 55634 --- [    Test worker] o.e.component.DollarCalculatorTest       : No active profile set, falling back to 1 default profile: "default"
2022-12-02 00:31:42.062  INFO 55634 --- [    Test worker] o.e.component.DollarCalculatorTest       : Started DollarCalculatorTest in 0.46 seconds (JVM running for 4.225)
]]></system-out>
  <system-err><![CDATA[]]></system-err>
</testsuite>
