<?xml version="1.0" encoding="UTF-8"?>
<testsuite name="org.example.controller.CalculatorControllerTest" tests="2" skipped="0" failures="0" errors="0" timestamp="2022-12-01T15:31:42" hostname="jySeoui-MacBookPro.local" time="0.279">
  <properties/>
  <testcase name="plusTest()" classname="org.example.controller.CalculatorControllerTest" time="0.105"/>
  <testcase name="postMinusTest()" classname="org.example.controller.CalculatorControllerTest" time="0.173"/>
  <system-out><![CDATA[2022-12-02 00:31:42.106  INFO 55634 --- [    Test worker] .b.t.a.w.s.WebMvcTestContextBootstrapper : Neither @ContextConfiguration nor @ContextHierarchy found for test class [org.example.controller.CalculatorControllerTest], using SpringBootContextLoader
2022-12-02 00:31:42.107  INFO 55634 --- [    Test worker] o.s.t.c.support.AbstractContextLoader    : Could not detect default resource locations for test class [org.example.controller.CalculatorControllerTest]: no resource found for suffixes {-context.xml, Context.groovy}.
2022-12-02 00:31:42.108  INFO 55634 --- [    Test worker] t.c.s.AnnotationConfigContextLoaderUtils : Could not detect default configuration classes for test class [org.example.controller.CalculatorControllerTest]: CalculatorControllerTest does not declare any static, non-private, non-final, nested classes annotated with @Configuration.
2022-12-02 00:31:42.128  INFO 55634 --- [    Test worker] .b.t.c.SpringBootTestContextBootstrapper : Found @SpringBootConfiguration org.example.Main for test class org.example.controller.CalculatorControllerTest
2022-12-02 00:31:42.129  INFO 55634 --- [    Test worker] .b.t.a.w.s.WebMvcTestContextBootstrapper : Loaded default TestExecutionListener class names from location [META-INF/spring.factories]: [org.springframework.boot.test.autoconfigure.restdocs.RestDocsTestExecutionListener, org.springframework.boot.test.autoconfigure.web.client.MockRestServiceServerResetTestExecutionListener, org.springframework.boot.test.autoconfigure.web.servlet.MockMvcPrintOnlyOnFailureTestExecutionListener, org.springframework.boot.test.autoconfigure.web.servlet.WebDriverTestExecutionListener, org.springframework.boot.test.autoconfigure.webservices.client.MockWebServiceServerTestExecutionListener, org.springframework.boot.test.mock.mockito.MockitoTestExecutionListener, org.springframework.boot.test.mock.mockito.ResetMocksTestExecutionListener, org.springframework.test.context.web.ServletTestExecutionListener, org.springframework.test.context.support.DirtiesContextBeforeModesTestExecutionListener, org.springframework.test.context.event.ApplicationEventsTestExecutionListener, org.springframework.test.context.support.DependencyInjectionTestExecutionListener, org.springframework.test.context.support.DirtiesContextTestExecutionListener, org.springframework.test.context.transaction.TransactionalTestExecutionListener, org.springframework.test.context.jdbc.SqlScriptsTestExecutionListener, org.springframework.test.context.event.EventPublishingTestExecutionListener]
2022-12-02 00:31:42.130  INFO 55634 --- [    Test worker] .b.t.a.w.s.WebMvcTestContextBootstrapper : Using TestExecutionListeners: [org.springframework.test.context.web.ServletTestExecutionListener@c5a853a, org.springframework.test.context.support.DirtiesContextBeforeModesTestExecutionListener@239bb729, org.springframework.test.context.event.ApplicationEventsTestExecutionListener@6c3529ed, org.springframework.boot.test.mock.mockito.MockitoTestExecutionListener@236a23f, org.springframework.boot.test.autoconfigure.SpringBootDependencyInjectionTestExecutionListener@5a1d9416, org.springframework.test.context.support.DirtiesContextTestExecutionListener@24415283, org.springframework.test.context.event.EventPublishingTestExecutionListener@61fe7da7, org.springframework.boot.test.autoconfigure.restdocs.RestDocsTestExecutionListener@56ee0cfd, org.springframework.boot.test.autoconfigure.web.client.MockRestServiceServerResetTestExecutionListener@60659f12, org.springframework.boot.test.autoconfigure.web.servlet.MockMvcPrintOnlyOnFailureTestExecutionListener@4e1e0cd7, org.springframework.boot.test.autoconfigure.web.servlet.WebDriverTestExecutionListener@5c9f43f6, org.springframework.boot.test.autoconfigure.webservices.client.MockWebServiceServerTestExecutionListener@7a30257c, org.springframework.boot.test.mock.mockito.ResetMocksTestExecutionListener@36e1b827]

  .   ____          _            __ _ _
 /\\ / ___'_ __ _ _(_)_ __  __ _ \ \ \ \
( ( )\___ | '_ | '_| | '_ \/ _` | \ \ \ \
 \\/  ___)| |_)| | | | | || (_| |  ) ) ) )
  '  |____| .__|_| |_|_| |_\__, | / / / /
 =========|_|==============|___/=/_/_/_/
 :: Spring Boot ::                (v2.7.5)

2022-12-02 00:31:42.148  INFO 55634 --- [    Test worker] o.e.controller.CalculatorControllerTest  : Starting CalculatorControllerTest using Java 11.0.11 on jySeoui-MacBookPro.local with PID 55634 (started by jyseo in /Users/jyseo/tasks/prac/java-tutorial/object-mapper)
2022-12-02 00:31:42.149  INFO 55634 --- [    Test worker] o.e.controller.CalculatorControllerTest  : No active profile set, falling back to 1 default profile: "default"
2022-12-02 00:31:42.405  INFO 55634 --- [    Test worker] o.s.b.t.m.w.SpringBootMockServletContext : Initializing Spring TestDispatcherServlet ''
2022-12-02 00:31:42.405  INFO 55634 --- [    Test worker] o.s.t.web.servlet.TestDispatcherServlet  : Initializing Servlet ''
2022-12-02 00:31:42.406  INFO 55634 --- [    Test worker] o.s.t.web.servlet.TestDispatcherServlet  : Completed initialization in 1 ms
2022-12-02 00:31:42.416  INFO 55634 --- [    Test worker] o.e.controller.CalculatorControllerTest  : Started CalculatorControllerTest in 0.285 seconds (JVM running for 4.579)

MockHttpServletRequest:
      HTTP Method = GET
      Request URI = /calculator/sum
       Parameters = {x=[20], y=[10]}
          Headers = []
             Body = null
    Session Attrs = {}

Handler:
             Type = org.example.controller.CalculatorController
           Method = org.example.controller.CalculatorController#sum(int, int)

Async:
    Async started = false
     Async result = null

Resolved Exception:
             Type = null

ModelAndView:
        View name = null
             View = null
            Model = null

FlashMap:
       Attributes = null

MockHttpServletResponse:
           Status = 200
    Error message = null
          Headers = [Content-Type:"application/json"]
     Content type = application/json
             Body = 90000
    Forwarded URL = null
   Redirected URL = null
          Cookies = []

MockHttpServletRequest:
      HTTP Method = POST
      Request URI = /calculator/minus
       Parameters = {}
          Headers = [Content-Type:"application/json;charset=UTF-8", Content-Length:"15"]
             Body = {"x":10,"y":10}
    Session Attrs = {}

Handler:
             Type = org.example.controller.CalculatorController
           Method = org.example.controller.CalculatorController#postMinus(Req)

Async:
    Async started = false
     Async result = null

Resolved Exception:
             Type = null

ModelAndView:
        View name = null
             View = null
            Model = null

FlashMap:
       Attributes = null

MockHttpServletResponse:
           Status = 200
    Error message = null
          Headers = [Content-Type:"application/json"]
     Content type = application/json
             Body = {"resultCode":"OK","resultBody":{"result":0}}
    Forwarded URL = null
   Redirected URL = null
          Cookies = []
]]></system-out>
  <system-err><![CDATA[]]></system-err>
</testsuite>
